Build started 3/2/2021 4:58:07 PM.
     1>Project "C:\Users\Video\Documents\GitHub\encryptfulldate\encrypt\encrypt.vcxproj" on node 2 (build target(s)).
     1>InitializeBuildStatus:
         Touching "Debug\encrypt.unsuccessfulbuild".
       ClCompile:
         All outputs are up-to-date.
         All outputs are up-to-date.
       ManifestResourceCompile:
         All outputs are up-to-date.
       Link:
         C:\Program Files (x86)\Microsoft Visual Studio 10.0\VC\bin\link.exe /ERRORREPORT:PROMPT /OUT:"C:\Users\Video\Documents\GitHub\encryptfulldate\Debug\encrypt.exe" /INCREMENTAL /NOLOGO kernel32.lib user32.lib gdi32.lib winspool.lib comdlg32.lib advapi32.lib shell32.lib ole32.lib oleaut32.lib uuid.lib odbc32.lib odbccp32.lib /MANIFEST /ManifestFile:"Debug\encrypt.exe.intermediate.manifest" /MANIFESTUAC:"level='asInvoker' uiAccess='false'" /DEBUG /PDB:"C:\Users\Video\Documents\GitHub\encryptfulldate\Debug\encrypt.pdb" /SUBSYSTEM:CONSOLE /TLBID:1 /DYNAMICBASE /NXCOMPAT /IMPLIB:"C:\Users\Video\Documents\GitHub\encryptfulldate\Debug\encrypt.lib" /MACHINE:X86 Debug\encrypt.exe.embed.manifest.res
         Debug\encrypt.obj
         Debug\stdafx.obj
         Debug\subscribe.obj
       Manifest:
         C:\Program Files (x86)\Microsoft SDKs\Windows\v7.0A\bin\mt.exe /nologo /verbose /out:"Debug\encrypt.exe.embed.manifest" /manifest Debug\encrypt.exe.intermediate.manifest
         All outputs are up-to-date.
       LinkEmbedManifest:
         All outputs are up-to-date.
         encrypt.vcxproj -> C:\Users\Video\Documents\GitHub\encryptfulldate\Debug\encrypt.exe
       FinalizeBuildStatus:
         Deleting file "Debug\encrypt.unsuccessfulbuild".
         Touching "Debug\encrypt.lastbuildstate".
     1>Done Building Project "C:\Users\Video\Documents\GitHub\encryptfulldate\encrypt\encrypt.vcxproj" (build target(s)).

Build succeeded.

Time Elapsed 00:00:00.81
